<?xml version="1.0" encoding="UTF-8"?>
<!-- Generated by org.testng.reporters.JUnitXMLReporter -->
<testsuite ignored="0" hostname="localhost.localdomain" failures="4" tests="36" name="Surefire test" time="397.275" errors="0" timestamp="2022-09-07T12:06:01 IST">
  <testcase classname="com.nglc.application.AppTest" name="login" time="4.471"/>
  <testcase classname="com.nglc.application.AppTest" name="loginEmptyEmail" time="1.204"/>
  <testcase classname="com.nglc.application.AppTest" name="loginUnregisteredEmail" time="1.478"/>
  <testcase classname="com.nglc.application.AppTest" name="validateErrorCaseSensitivityEmail" time="2.211"/>
  <testcase classname="com.nglc.application.AppTest" name="PasswordBackText" time="4.288"/>
  <testcase classname="com.nglc.application.AppTest" name="validateEmailAddressInPasswordScreen" time="3.237"/>
  <testcase classname="com.nglc.application.AppTest" name="validateErrorMessageBlankPassword" time="4.288"/>
  <testcase classname="com.nglc.application.AppTest" name="verifyMaskedPassword" time="2.3"/>
  <testcase classname="com.nglc.application.AppTest" name="invalidPassword" time="3.736"/>
  <testcase classname="com.nglc.application.AppTest" name="validateErrorCaseSensitivityPwd" time="3.665"/>
  <testcase classname="com.nglc.application.AppTest" name="forgotPassword" time="3.235"/>
  <testcase classname="com.nglc.application.AppTest" name="verifyEmailAddress" time="2.253"/>
  <testcase classname="com.nglc.application.AppTest" name="validEmailResetPassword" time="14.315">
    <failure type="org.openqa.selenium.NoSuchElementException" message="no such element: Unable to locate element: {&amp;quot;method&amp;quot;:&amp;quot;xpath&amp;quot;,&amp;quot;selector&amp;quot;:&amp;quot;//div[@class=&amp;apos;Toastify__toast-body toast-body&amp;apos;]&amp;quot;}
  (Session info: chrome=98.0.4758.102)
For documentation on this error, please visit: https://www.seleniumhq.org/exceptions/no_such_element.html
Build info: version: &amp;apos;3.141.59&amp;apos;, revision: &amp;apos;e82be7d358&amp;apos;, time: &amp;apos;2018-11-14T08:17:03&amp;apos;
System info: host: &amp;apos;localhost.localdomain&amp;apos;, ip: &amp;apos;127.0.0.1&amp;apos;, os.name: &amp;apos;Linux&amp;apos;, os.arch: &amp;apos;amd64&amp;apos;, os.version: &amp;apos;5.12.10-1.el8.elrepo.x86_64&amp;apos;, java.version: &amp;apos;11.0.14&amp;apos;
Driver info: org.openqa.selenium.chrome.ChromeDriver
Capabilities {acceptInsecureCerts: false, browserName: chrome, browserVersion: 98.0.4758.102, chrome: {chromedriverVersion: 98.0.4758.102 (273bf7ac8c90..., userDataDir: /tmp/.com.google.Chrome.2F1QV3}, goog:chromeOptions: {debuggerAddress: localhost:33143}, javascriptEnabled: true, networkConnectionEnabled: false, pageLoadStrategy: normal, platform: LINUX, platformName: LINUX, proxy: Proxy(), setWindowRect: true, strictFileInteractability: false, timeouts: {implicit: 0, pageLoad: 300000, script: 30000}, unhandledPromptBehavior: dismiss and notify, webauthn:extension:credBlob: true, webauthn:extension:largeBlob: true, webauthn:virtualAuthenticators: true}
Session ID: 042afb22c5a65ba6383151c60e01c847
*** Element info: {Using=xpath, value=//div[@class=&amp;apos;Toastify__toast-body toast-body&amp;apos;]}">
      <![CDATA[org.openqa.selenium.NoSuchElementException: no such element: Unable to locate element: {"method":"xpath","selector":"//div[@class='Toastify__toast-body toast-body']"}
  (Session info: chrome=98.0.4758.102)
For documentation on this error, please visit: https://www.seleniumhq.org/exceptions/no_such_element.html
Build info: version: '3.141.59', revision: 'e82be7d358', time: '2018-11-14T08:17:03'
System info: host: 'localhost.localdomain', ip: '127.0.0.1', os.name: 'Linux', os.arch: 'amd64', os.version: '5.12.10-1.el8.elrepo.x86_64', java.version: '11.0.14'
Driver info: org.openqa.selenium.chrome.ChromeDriver
Capabilities {acceptInsecureCerts: false, browserName: chrome, browserVersion: 98.0.4758.102, chrome: {chromedriverVersion: 98.0.4758.102 (273bf7ac8c90..., userDataDir: /tmp/.com.google.Chrome.2F1QV3}, goog:chromeOptions: {debuggerAddress: localhost:33143}, javascriptEnabled: true, networkConnectionEnabled: false, pageLoadStrategy: normal, platform: LINUX, platformName: LINUX, proxy: Proxy(), setWindowRect: true, strictFileInteractability: false, timeouts: {implicit: 0, pageLoad: 300000, script: 30000}, unhandledPromptBehavior: dismiss and notify, webauthn:extension:credBlob: true, webauthn:extension:largeBlob: true, webauthn:virtualAuthenticators: true}
Session ID: 042afb22c5a65ba6383151c60e01c847
*** Element info: {Using=xpath, value=//div[@class='Toastify__toast-body toast-body']}
at org.openqa.selenium.remote.http.W3CHttpResponseCodec.createException(W3CHttpResponseCodec.java:187)
at org.openqa.selenium.remote.http.W3CHttpResponseCodec.decode(W3CHttpResponseCodec.java:122)
at org.openqa.selenium.remote.http.W3CHttpResponseCodec.decode(W3CHttpResponseCodec.java:49)
at org.openqa.selenium.remote.HttpCommandExecutor.execute(HttpCommandExecutor.java:158)
at org.openqa.selenium.remote.service.DriverCommandExecutor.execute(DriverCommandExecutor.java:83)
at org.openqa.selenium.remote.RemoteWebDriver.execute(RemoteWebDriver.java:552)
at org.openqa.selenium.remote.RemoteWebDriver.findElement(RemoteWebDriver.java:323)
at org.openqa.selenium.remote.RemoteWebDriver.findElementByXPath(RemoteWebDriver.java:428)
at org.openqa.selenium.By$ByXPath.findElement(By.java:353)
at org.openqa.selenium.remote.RemoteWebDriver.findElement(RemoteWebDriver.java:315)
at com.nglc.screen.ForgotPassword.verifyNotificationMsgAfterClickOnSendResetBtn(ForgotPassword.java:54)
at com.nglc.application.AppTest.validEmailResetPassword(AppTest.java:209)
at java.base/java.util.ArrayList.forEach(ArrayList.java:1541)
... Removed 36 stack frames]]>
    </failure>
  </testcase> <!-- validEmailResetPassword -->
  <testcase classname="com.nglc.application.AppTest" name="overviewScreen" time="4.287"/>
  <testcase classname="com.nglc.application.AppTest" name="organisationsLink" time="4.333"/>
  <testcase classname="com.nglc.application.AppTest" name="bibliothecaUserLink" time="5.336"/>
  <testcase classname="com.nglc.application.AppTest" name="notification" time="4.315"/>
  <testcase classname="com.nglc.application.AppTest" name="profileIcon" time="4.314"/>
  <testcase classname="com.nglc.application.AppTest" name="logout" time="17.737"/>
  <testcase classname="com.nglc.application.AppTest" name="redirectAddOrganisationScreen" time="4.449"/>
  <testcase classname="com.nglc.application.AppTest" name="redirectOrganisationDetailScreen" time="5.65"/>
  <testcase classname="com.nglc.application.AppTest" name="countryDropdownVisible" time="3.634"/>
  <testcase classname="com.nglc.application.AppTest" name="searchIconClickable" time="3.931"/>
  <testcase classname="com.nglc.application.AppTest" name="searchExistingOrganisation" time="5.947"/>
  <testcase classname="com.nglc.application.AppTest" name="searchNonExistingOrganisation" time="5.87"/>
  <testcase classname="com.nglc.application.AppTest" name="CreateOrganisation" time="12.445"/>
  <testcase classname="com.nglc.application.AppTest" name="BlankDataCreateOrganisation" time="7.854">
    <failure type="java.lang.AssertionError" message="expected [null] but found [Organisation name is required]">
      <![CDATA[java.lang.AssertionError: expected [null] but found [Organisation name is required]
at com.nglc.screen.OrganisationAdd.CreateAnOrganisationBlankRequiredData(OrganisationAdd.java:177)
at com.nglc.application.AppTest.BlankDataCreateOrganisation(AppTest.java:421)
at java.base/java.util.ArrayList.forEach(ArrayList.java:1541)
... Removed 38 stack frames]]>
    </failure>
  </testcase> <!-- BlankDataCreateOrganisation -->
  <testcase classname="com.nglc.application.AppTest" name="userlist" time="6.627"/>
  <testcase classname="com.nglc.application.AppTest" name="ValidUserSearch" time="8.733"/>
  <testcase classname="com.nglc.application.AppTest" name="InvalidUserSearch" time="8.774"/>
  <testcase classname="com.nglc.application.AppTest" name="AddUserButton" time="6.641"/>
  <testcase classname="com.nglc.application.AppTest" name="UserProfile" time="15.591">
    <failure type="org.openqa.selenium.NoSuchElementException" message="no such element: Unable to locate element: {&amp;quot;method&amp;quot;:&amp;quot;xpath&amp;quot;,&amp;quot;selector&amp;quot;:&amp;quot;//p[normalize-space()=&amp;apos;Steffen Muldbjerg&amp;apos;]&amp;quot;}
  (Session info: chrome=98.0.4758.102)
For documentation on this error, please visit: https://www.seleniumhq.org/exceptions/no_such_element.html
Build info: version: &amp;apos;3.141.59&amp;apos;, revision: &amp;apos;e82be7d358&amp;apos;, time: &amp;apos;2018-11-14T08:17:03&amp;apos;
System info: host: &amp;apos;localhost.localdomain&amp;apos;, ip: &amp;apos;127.0.0.1&amp;apos;, os.name: &amp;apos;Linux&amp;apos;, os.arch: &amp;apos;amd64&amp;apos;, os.version: &amp;apos;5.12.10-1.el8.elrepo.x86_64&amp;apos;, java.version: &amp;apos;11.0.14&amp;apos;
Driver info: org.openqa.selenium.chrome.ChromeDriver
Capabilities {acceptInsecureCerts: false, browserName: chrome, browserVersion: 98.0.4758.102, chrome: {chromedriverVersion: 98.0.4758.102 (273bf7ac8c90..., userDataDir: /tmp/.com.google.Chrome.DtS3qT}, goog:chromeOptions: {debuggerAddress: localhost:45435}, javascriptEnabled: true, networkConnectionEnabled: false, pageLoadStrategy: normal, platform: LINUX, platformName: LINUX, proxy: Proxy(), setWindowRect: true, strictFileInteractability: false, timeouts: {implicit: 0, pageLoad: 300000, script: 30000}, unhandledPromptBehavior: dismiss and notify, webauthn:extension:credBlob: true, webauthn:extension:largeBlob: true, webauthn:virtualAuthenticators: true}
Session ID: 0f1fe91a685439629138b3a22b9d8a19
*** Element info: {Using=xpath, value=//p[normalize-space()=&amp;apos;Steffen Muldbjerg&amp;apos;]}">
      <![CDATA[org.openqa.selenium.NoSuchElementException: no such element: Unable to locate element: {"method":"xpath","selector":"//p[normalize-space()='Steffen Muldbjerg']"}
  (Session info: chrome=98.0.4758.102)
For documentation on this error, please visit: https://www.seleniumhq.org/exceptions/no_such_element.html
Build info: version: '3.141.59', revision: 'e82be7d358', time: '2018-11-14T08:17:03'
System info: host: 'localhost.localdomain', ip: '127.0.0.1', os.name: 'Linux', os.arch: 'amd64', os.version: '5.12.10-1.el8.elrepo.x86_64', java.version: '11.0.14'
Driver info: org.openqa.selenium.chrome.ChromeDriver
Capabilities {acceptInsecureCerts: false, browserName: chrome, browserVersion: 98.0.4758.102, chrome: {chromedriverVersion: 98.0.4758.102 (273bf7ac8c90..., userDataDir: /tmp/.com.google.Chrome.DtS3qT}, goog:chromeOptions: {debuggerAddress: localhost:45435}, javascriptEnabled: true, networkConnectionEnabled: false, pageLoadStrategy: normal, platform: LINUX, platformName: LINUX, proxy: Proxy(), setWindowRect: true, strictFileInteractability: false, timeouts: {implicit: 0, pageLoad: 300000, script: 30000}, unhandledPromptBehavior: dismiss and notify, webauthn:extension:credBlob: true, webauthn:extension:largeBlob: true, webauthn:virtualAuthenticators: true}
Session ID: 0f1fe91a685439629138b3a22b9d8a19
*** Element info: {Using=xpath, value=//p[normalize-space()='Steffen Muldbjerg']}
at org.openqa.selenium.remote.http.W3CHttpResponseCodec.createException(W3CHttpResponseCodec.java:187)
at org.openqa.selenium.remote.http.W3CHttpResponseCodec.decode(W3CHttpResponseCodec.java:122)
at org.openqa.selenium.remote.http.W3CHttpResponseCodec.decode(W3CHttpResponseCodec.java:49)
at org.openqa.selenium.remote.HttpCommandExecutor.execute(HttpCommandExecutor.java:158)
at org.openqa.selenium.remote.service.DriverCommandExecutor.execute(DriverCommandExecutor.java:83)
at org.openqa.selenium.remote.RemoteWebDriver.execute(RemoteWebDriver.java:552)
at org.openqa.selenium.remote.RemoteWebDriver.findElement(RemoteWebDriver.java:323)
at org.openqa.selenium.remote.RemoteWebDriver.findElementByXPath(RemoteWebDriver.java:428)
at org.openqa.selenium.By$ByXPath.findElement(By.java:353)
at org.openqa.selenium.remote.RemoteWebDriver.findElement(RemoteWebDriver.java:315)
at com.nglc.core.Library.get_WebElement_Object(Library.java:21)
at com.nglc.core.Library.clickOnAnyElement(Library.java:46)
at com.nglc.screen.UserList.ClickOnActiveUserCard(UserList.java:33)
at com.nglc.application.AppTest.UserProfile(AppTest.java:521)
at java.base/java.util.ArrayList.forEach(ArrayList.java:1541)
... Removed 36 stack frames]]>
    </failure>
  </testcase> <!-- UserProfile -->
  <testcase classname="com.nglc.application.AppTest" name="UserBreadCrumb" time="8.718"/>
  <testcase classname="com.nglc.application.AppTest" name="AddingValidUser" time="19.307"/>
  <testcase classname="com.nglc.application.AppTest" name="AddingUserwithBlankData" time="13.839"/>
  <testcase classname="com.nglc.application.AppTest" name="EditValidUser" time="16.614">
    <failure type="org.openqa.selenium.NoSuchElementException" message="no such element: Unable to locate element: {&amp;quot;method&amp;quot;:&amp;quot;xpath&amp;quot;,&amp;quot;selector&amp;quot;:&amp;quot;//p[normalize-space()=&amp;apos;Steffen Muldbjerg&amp;apos;]&amp;quot;}
  (Session info: chrome=98.0.4758.102)
For documentation on this error, please visit: https://www.seleniumhq.org/exceptions/no_such_element.html
Build info: version: &amp;apos;3.141.59&amp;apos;, revision: &amp;apos;e82be7d358&amp;apos;, time: &amp;apos;2018-11-14T08:17:03&amp;apos;
System info: host: &amp;apos;localhost.localdomain&amp;apos;, ip: &amp;apos;127.0.0.1&amp;apos;, os.name: &amp;apos;Linux&amp;apos;, os.arch: &amp;apos;amd64&amp;apos;, os.version: &amp;apos;5.12.10-1.el8.elrepo.x86_64&amp;apos;, java.version: &amp;apos;11.0.14&amp;apos;
Driver info: org.openqa.selenium.chrome.ChromeDriver
Capabilities {acceptInsecureCerts: false, browserName: chrome, browserVersion: 98.0.4758.102, chrome: {chromedriverVersion: 98.0.4758.102 (273bf7ac8c90..., userDataDir: /tmp/.com.google.Chrome.zuRB7c}, goog:chromeOptions: {debuggerAddress: localhost:38947}, javascriptEnabled: true, networkConnectionEnabled: false, pageLoadStrategy: normal, platform: LINUX, platformName: LINUX, proxy: Proxy(), setWindowRect: true, strictFileInteractability: false, timeouts: {implicit: 0, pageLoad: 300000, script: 30000}, unhandledPromptBehavior: dismiss and notify, webauthn:extension:credBlob: true, webauthn:extension:largeBlob: true, webauthn:virtualAuthenticators: true}
Session ID: 703ac29ccbc846c3ad3dbfb97bcb1435
*** Element info: {Using=xpath, value=//p[normalize-space()=&amp;apos;Steffen Muldbjerg&amp;apos;]}">
      <![CDATA[org.openqa.selenium.NoSuchElementException: no such element: Unable to locate element: {"method":"xpath","selector":"//p[normalize-space()='Steffen Muldbjerg']"}
  (Session info: chrome=98.0.4758.102)
For documentation on this error, please visit: https://www.seleniumhq.org/exceptions/no_such_element.html
Build info: version: '3.141.59', revision: 'e82be7d358', time: '2018-11-14T08:17:03'
System info: host: 'localhost.localdomain', ip: '127.0.0.1', os.name: 'Linux', os.arch: 'amd64', os.version: '5.12.10-1.el8.elrepo.x86_64', java.version: '11.0.14'
Driver info: org.openqa.selenium.chrome.ChromeDriver
Capabilities {acceptInsecureCerts: false, browserName: chrome, browserVersion: 98.0.4758.102, chrome: {chromedriverVersion: 98.0.4758.102 (273bf7ac8c90..., userDataDir: /tmp/.com.google.Chrome.zuRB7c}, goog:chromeOptions: {debuggerAddress: localhost:38947}, javascriptEnabled: true, networkConnectionEnabled: false, pageLoadStrategy: normal, platform: LINUX, platformName: LINUX, proxy: Proxy(), setWindowRect: true, strictFileInteractability: false, timeouts: {implicit: 0, pageLoad: 300000, script: 30000}, unhandledPromptBehavior: dismiss and notify, webauthn:extension:credBlob: true, webauthn:extension:largeBlob: true, webauthn:virtualAuthenticators: true}
Session ID: 703ac29ccbc846c3ad3dbfb97bcb1435
*** Element info: {Using=xpath, value=//p[normalize-space()='Steffen Muldbjerg']}
at org.openqa.selenium.remote.http.W3CHttpResponseCodec.createException(W3CHttpResponseCodec.java:187)
at org.openqa.selenium.remote.http.W3CHttpResponseCodec.decode(W3CHttpResponseCodec.java:122)
at org.openqa.selenium.remote.http.W3CHttpResponseCodec.decode(W3CHttpResponseCodec.java:49)
at org.openqa.selenium.remote.HttpCommandExecutor.execute(HttpCommandExecutor.java:158)
at org.openqa.selenium.remote.service.DriverCommandExecutor.execute(DriverCommandExecutor.java:83)
at org.openqa.selenium.remote.RemoteWebDriver.execute(RemoteWebDriver.java:552)
at org.openqa.selenium.remote.RemoteWebDriver.findElement(RemoteWebDriver.java:323)
at org.openqa.selenium.remote.RemoteWebDriver.findElementByXPath(RemoteWebDriver.java:428)
at org.openqa.selenium.By$ByXPath.findElement(By.java:353)
at org.openqa.selenium.remote.RemoteWebDriver.findElement(RemoteWebDriver.java:315)
at com.nglc.core.Library.get_WebElement_Object(Library.java:21)
at com.nglc.core.Library.clickOnAnyElement(Library.java:46)
at com.nglc.screen.UserList.ClickOnActiveUserCard(UserList.java:33)
at com.nglc.application.AppTest.EditValidUser(AppTest.java:606)
at java.base/java.util.ArrayList.forEach(ArrayList.java:1541)
... Removed 36 stack frames]]>
    </failure>
  </testcase> <!-- EditValidUser -->
</testsuite> <!-- Surefire test -->
