<?xml version="1.0" encoding="UTF-8"?>
<testng-results ignored="0" total="2" passed="1" failed="1" skipped="0">
  <reporter-output>
  </reporter-output>
  <suite started-at="2022-09-07T14:18:16 IST" name="Surefire suite" finished-at="2022-09-07T14:18:41 IST" duration-ms="24262">
    <groups>
      <group name="Login-Functional">
        <method signature="AppTest.login()[pri:1, instance:com.nglc.application.AppTest@5cdd8682]" name="login" class="com.nglc.application.AppTest"/>
      </group> <!-- Login-Functional -->
      <group name="User-Functional">
        <method signature="AppTest.EditValidUser()[pri:210, instance:com.nglc.application.AppTest@5cdd8682]" name="EditValidUser" class="com.nglc.application.AppTest"/>
      </group> <!-- User-Functional -->
    </groups>
    <test started-at="2022-09-07T14:18:16 IST" name="Surefire test" finished-at="2022-09-07T14:18:41 IST" duration-ms="24262">
      <class name="com.nglc.application.AppTest">
        <test-method is-config="true" signature="startTest()[pri:0, instance:com.nglc.application.AppTest@5cdd8682]" started-at="2022-09-07T14:18:16 IST" name="startTest" finished-at="2022-09-07T14:18:16 IST" duration-ms="152" status="PASS">
          <reporter-output>
          </reporter-output>
        </test-method> <!-- startTest -->
        <test-method is-config="true" signature="launchApp()[pri:0, instance:com.nglc.application.AppTest@5cdd8682]" started-at="2022-09-07T14:18:16 IST" name="launchApp" finished-at="2022-09-07T14:18:22 IST" duration-ms="5464" status="PASS">
          <reporter-output>
          </reporter-output>
        </test-method> <!-- launchApp -->
        <test-method signature="login()[pri:1, instance:com.nglc.application.AppTest@5cdd8682]" started-at="2022-09-07T14:18:22 IST" name="login" finished-at="2022-09-07T14:18:26 IST" duration-ms="4301" status="PASS">
          <reporter-output>
          </reporter-output>
        </test-method> <!-- login -->
        <test-method is-config="true" signature="postCondition(org.testng.ITestResult)[pri:0, instance:com.nglc.application.AppTest@5cdd8682]" started-at="2022-09-07T14:18:26 IST" name="postCondition" finished-at="2022-09-07T14:18:26 IST" duration-ms="71" status="PASS">
          <params>
            <param index="0">
              <value>
                <![CDATA[[TestResult name=login status=SUCCESS method=AppTest.login()[pri:1, instance:com.nglc.application.AppTest@5cdd8682] output={null}]]]>
              </value>
            </param>
          </params>
          <reporter-output>
          </reporter-output>
        </test-method> <!-- postCondition -->
        <test-method is-config="true" signature="launchApp()[pri:0, instance:com.nglc.application.AppTest@5cdd8682]" started-at="2022-09-07T14:18:26 IST" name="launchApp" finished-at="2022-09-07T14:18:31 IST" duration-ms="5147" status="PASS">
          <reporter-output>
          </reporter-output>
        </test-method> <!-- launchApp -->
        <test-method signature="EditValidUser()[pri:210, instance:com.nglc.application.AppTest@5cdd8682]" started-at="2022-09-07T14:18:31 IST" name="EditValidUser" finished-at="2022-09-07T14:18:40 IST" duration-ms="8677" status="FAIL">
          <exception class="java.lang.NullPointerException">
            <full-stacktrace>
              <![CDATA[java.lang.NullPointerException
at com.nglc.application.AppTest.EditValidUser(AppTest.java:607)
at java.base/jdk.internal.reflect.NativeMethodAccessorImpl.invoke0(Native Method)
at java.base/jdk.internal.reflect.NativeMethodAccessorImpl.invoke(NativeMethodAccessorImpl.java:62)
at java.base/jdk.internal.reflect.DelegatingMethodAccessorImpl.invoke(DelegatingMethodAccessorImpl.java:43)
at java.base/java.lang.reflect.Method.invoke(Method.java:566)
at org.testng.internal.MethodInvocationHelper.invokeMethod(MethodInvocationHelper.java:132)
at org.testng.internal.TestInvoker.invokeMethod(TestInvoker.java:599)
at org.testng.internal.TestInvoker.invokeTestMethod(TestInvoker.java:174)
at org.testng.internal.MethodRunner.runInSequence(MethodRunner.java:46)
at org.testng.internal.TestInvoker$MethodInvocationAgent.invoke(TestInvoker.java:822)
at org.testng.internal.TestInvoker.invokeTestMethods(TestInvoker.java:147)
at org.testng.internal.TestMethodWorker.invokeTestMethods(TestMethodWorker.java:146)
at org.testng.internal.TestMethodWorker.run(TestMethodWorker.java:128)
at java.base/java.util.ArrayList.forEach(ArrayList.java:1541)
at org.testng.TestRunner.privateRun(TestRunner.java:764)
at org.testng.TestRunner.run(TestRunner.java:585)
at org.testng.SuiteRunner.runTest(SuiteRunner.java:384)
at org.testng.SuiteRunner.runSequentially(SuiteRunner.java:378)
at org.testng.SuiteRunner.privateRun(SuiteRunner.java:337)
at org.testng.SuiteRunner.run(SuiteRunner.java:286)
at org.testng.SuiteRunnerWorker.runSuite(SuiteRunnerWorker.java:53)
at org.testng.SuiteRunnerWorker.run(SuiteRunnerWorker.java:96)
at org.testng.TestNG.runSuitesSequentially(TestNG.java:1218)
at org.testng.TestNG.runSuitesLocally(TestNG.java:1140)
at org.testng.TestNG.runSuites(TestNG.java:1069)
at org.testng.TestNG.run(TestNG.java:1037)
at org.apache.maven.surefire.testng.TestNGExecutor.run(TestNGExecutor.java:135)
at org.apache.maven.surefire.testng.TestNGDirectoryTestSuite.executeSingleClass(TestNGDirectoryTestSuite.java:112)
at org.apache.maven.surefire.testng.TestNGDirectoryTestSuite.execute(TestNGDirectoryTestSuite.java:99)
at org.apache.maven.surefire.testng.TestNGProvider.invoke(TestNGProvider.java:146)
at org.apache.maven.surefire.booter.ForkedBooter.invokeProviderInSameClassLoader(ForkedBooter.java:384)
at org.apache.maven.surefire.booter.ForkedBooter.runSuitesInProcess(ForkedBooter.java:345)
at org.apache.maven.surefire.booter.ForkedBooter.execute(ForkedBooter.java:126)
at org.apache.maven.surefire.booter.ForkedBooter.main(ForkedBooter.java:418)
]]>
            </full-stacktrace>
          </exception> <!-- java.lang.NullPointerException -->
          <reporter-output>
          </reporter-output>
        </test-method> <!-- EditValidUser -->
        <test-method is-config="true" signature="postCondition(org.testng.ITestResult)[pri:0, instance:com.nglc.application.AppTest@5cdd8682]" started-at="2022-09-07T14:18:40 IST" name="postCondition" finished-at="2022-09-07T14:18:40 IST" duration-ms="254" status="PASS">
          <params>
            <param index="0">
              <value>
                <![CDATA[[TestResult name=EditValidUser status=FAILURE method=AppTest.EditValidUser()[pri:210, instance:com.nglc.application.AppTest@5cdd8682] output={null}]]]>
              </value>
            </param>
          </params>
          <reporter-output>
          </reporter-output>
        </test-method> <!-- postCondition -->
        <test-method is-config="true" signature="afterclass()[pri:0, instance:com.nglc.application.AppTest@5cdd8682]" started-at="2022-09-07T14:18:40 IST" name="afterclass" finished-at="2022-09-07T14:18:41 IST" duration-ms="171" status="PASS">
          <reporter-output>
          </reporter-output>
        </test-method> <!-- afterclass -->
      </class> <!-- com.nglc.application.AppTest -->
    </test> <!-- Surefire test -->
  </suite> <!-- Surefire suite -->
</testng-results>
